<?xml version="1.0" encoding="UTF-8"?>
<testsuite xmlns:xsi="http://www.w3.org/2001/XMLSchema-instance" xsi:noNamespaceSchemaLocation="https://maven.apache.org/surefire/maven-surefire-plugin/xsd/surefire-test-report.xsd" name="com.yoyo.ApplicationTests" time="9.779" tests="1" errors="0" skipped="0" failures="0">
  <properties>
    <property name="sun.desktop" value="windows"/>
    <property name="awt.toolkit" value="sun.awt.windows.WToolkit"/>
    <property name="java.specification.version" value="11"/>
    <property name="sun.cpu.isalist" value="amd64"/>
    <property name="sun.jnu.encoding" value="GBK"/>
    <property name="java.class.path" value="H:\IDEA缓存\大三下\blog\target\test-classes;H:\IDEA缓存\大三下\blog\target\classes;H:\qwe\repository\org\springframework\boot\spring-boot-starter-thymeleaf\2.3.1.RELEASE\spring-boot-starter-thymeleaf-2.3.1.RELEASE.jar;H:\qwe\repository\org\springframework\boot\spring-boot-starter\2.3.1.RELEASE\spring-boot-starter-2.3.1.RELEASE.jar;H:\qwe\repository\org\springframework\boot\spring-boot\2.3.1.RELEASE\spring-boot-2.3.1.RELEASE.jar;H:\qwe\repository\org\springframework\boot\spring-boot-starter-logging\2.3.1.RELEASE\spring-boot-starter-logging-2.3.1.RELEASE.jar;H:\qwe\repository\org\apache\logging\log4j\log4j-to-slf4j\2.13.3\log4j-to-slf4j-2.13.3.jar;H:\qwe\repository\org\apache\logging\log4j\log4j-api\2.13.3\log4j-api-2.13.3.jar;H:\qwe\repository\org\slf4j\jul-to-slf4j\1.7.30\jul-to-slf4j-1.7.30.jar;H:\qwe\repository\jakarta\annotation\jakarta.annotation-api\1.3.5\jakarta.annotation-api-1.3.5.jar;H:\qwe\repository\org\yaml\snakeyaml\1.26\snakeyaml-1.26.jar;H:\qwe\repository\org\thymeleaf\thymeleaf-spring5\3.0.11.RELEASE\thymeleaf-spring5-3.0.11.RELEASE.jar;H:\qwe\repository\org\thymeleaf\thymeleaf\3.0.11.RELEASE\thymeleaf-3.0.11.RELEASE.jar;H:\qwe\repository\org\attoparser\attoparser\2.0.5.RELEASE\attoparser-2.0.5.RELEASE.jar;H:\qwe\repository\org\unbescape\unbescape\1.1.6.RELEASE\unbescape-1.1.6.RELEASE.jar;H:\qwe\repository\org\thymeleaf\extras\thymeleaf-extras-java8time\3.0.4.RELEASE\thymeleaf-extras-java8time-3.0.4.RELEASE.jar;H:\qwe\repository\org\springframework\boot\spring-boot-starter-web\2.3.1.RELEASE\spring-boot-starter-web-2.3.1.RELEASE.jar;H:\qwe\repository\org\springframework\boot\spring-boot-starter-json\2.3.1.RELEASE\spring-boot-starter-json-2.3.1.RELEASE.jar;H:\qwe\repository\com\fasterxml\jackson\core\jackson-databind\2.11.0\jackson-databind-2.11.0.jar;H:\qwe\repository\com\fasterxml\jackson\core\jackson-annotations\2.11.0\jackson-annotations-2.11.0.jar;H:\qwe\repository\com\fasterxml\jackson\core\jackson-core\2.11.0\jackson-core-2.11.0.jar;H:\qwe\repository\com\fasterxml\jackson\datatype\jackson-datatype-jdk8\2.11.0\jackson-datatype-jdk8-2.11.0.jar;H:\qwe\repository\com\fasterxml\jackson\datatype\jackson-datatype-jsr310\2.11.0\jackson-datatype-jsr310-2.11.0.jar;H:\qwe\repository\com\fasterxml\jackson\module\jackson-module-parameter-names\2.11.0\jackson-module-parameter-names-2.11.0.jar;H:\qwe\repository\org\springframework\boot\spring-boot-starter-tomcat\2.3.1.RELEASE\spring-boot-starter-tomcat-2.3.1.RELEASE.jar;H:\qwe\repository\org\apache\tomcat\embed\tomcat-embed-core\9.0.36\tomcat-embed-core-9.0.36.jar;H:\qwe\repository\org\glassfish\jakarta.el\3.0.3\jakarta.el-3.0.3.jar;H:\qwe\repository\org\apache\tomcat\embed\tomcat-embed-websocket\9.0.36\tomcat-embed-websocket-9.0.36.jar;H:\qwe\repository\org\springframework\spring-web\5.2.7.RELEASE\spring-web-5.2.7.RELEASE.jar;H:\qwe\repository\org\springframework\spring-beans\5.2.7.RELEASE\spring-beans-5.2.7.RELEASE.jar;H:\qwe\repository\org\springframework\spring-webmvc\5.2.7.RELEASE\spring-webmvc-5.2.7.RELEASE.jar;H:\qwe\repository\org\springframework\spring-context\5.2.7.RELEASE\spring-context-5.2.7.RELEASE.jar;H:\qwe\repository\org\springframework\spring-expression\5.2.7.RELEASE\spring-expression-5.2.7.RELEASE.jar;H:\qwe\repository\org\springframework\boot\spring-boot-starter-aop\2.3.1.RELEASE\spring-boot-starter-aop-2.3.1.RELEASE.jar;H:\qwe\repository\org\springframework\spring-aop\5.2.7.RELEASE\spring-aop-5.2.7.RELEASE.jar;H:\qwe\repository\org\aspectj\aspectjweaver\1.9.5\aspectjweaver-1.9.5.jar;H:\qwe\repository\com\alibaba\druid-spring-boot-starter\1.1.23\druid-spring-boot-starter-1.1.23.jar;H:\qwe\repository\com\alibaba\druid\1.1.23\druid-1.1.23.jar;H:\qwe\repository\org\slf4j\slf4j-api\1.7.30\slf4j-api-1.7.30.jar;H:\qwe\repository\org\springframework\boot\spring-boot-autoconfigure\2.3.1.RELEASE\spring-boot-autoconfigure-2.3.1.RELEASE.jar;H:\qwe\repository\mysql\mysql-connector-java\8.0.20\mysql-connector-java-8.0.20.jar;H:\qwe\repository\org\projectlombok\lombok\1.18.12\lombok-1.18.12.jar;H:\qwe\repository\ch\qos\logback\logback-classic\1.2.3\logback-classic-1.2.3.jar;H:\qwe\repository\ch\qos\logback\logback-core\1.2.3\logback-core-1.2.3.jar;H:\qwe\repository\org\mybatis\spring\boot\mybatis-spring-boot-starter\2.1.3\mybatis-spring-boot-starter-2.1.3.jar;H:\qwe\repository\org\springframework\boot\spring-boot-starter-jdbc\2.3.1.RELEASE\spring-boot-starter-jdbc-2.3.1.RELEASE.jar;H:\qwe\repository\com\zaxxer\HikariCP\3.4.5\HikariCP-3.4.5.jar;H:\qwe\repository\org\springframework\spring-jdbc\5.2.7.RELEASE\spring-jdbc-5.2.7.RELEASE.jar;H:\qwe\repository\org\springframework\spring-tx\5.2.7.RELEASE\spring-tx-5.2.7.RELEASE.jar;H:\qwe\repository\org\mybatis\spring\boot\mybatis-spring-boot-autoconfigure\2.1.3\mybatis-spring-boot-autoconfigure-2.1.3.jar;H:\qwe\repository\org\mybatis\mybatis\3.5.5\mybatis-3.5.5.jar;H:\qwe\repository\org\mybatis\mybatis-spring\2.0.5\mybatis-spring-2.0.5.jar;H:\qwe\repository\org\springframework\boot\spring-boot-starter-test\2.3.1.RELEASE\spring-boot-starter-test-2.3.1.RELEASE.jar;H:\qwe\repository\org\springframework\boot\spring-boot-test\2.3.1.RELEASE\spring-boot-test-2.3.1.RELEASE.jar;H:\qwe\repository\org\springframework\boot\spring-boot-test-autoconfigure\2.3.1.RELEASE\spring-boot-test-autoconfigure-2.3.1.RELEASE.jar;H:\qwe\repository\com\jayway\jsonpath\json-path\2.4.0\json-path-2.4.0.jar;H:\qwe\repository\net\minidev\json-smart\2.3\json-smart-2.3.jar;H:\qwe\repository\net\minidev\accessors-smart\1.2\accessors-smart-1.2.jar;H:\qwe\repository\org\ow2\asm\asm\5.0.4\asm-5.0.4.jar;H:\qwe\repository\jakarta\xml\bind\jakarta.xml.bind-api\2.3.3\jakarta.xml.bind-api-2.3.3.jar;H:\qwe\repository\jakarta\activation\jakarta.activation-api\1.2.2\jakarta.activation-api-1.2.2.jar;H:\qwe\repository\org\assertj\assertj-core\3.16.1\assertj-core-3.16.1.jar;H:\qwe\repository\org\hamcrest\hamcrest\2.2\hamcrest-2.2.jar;H:\qwe\repository\org\junit\jupiter\junit-jupiter\5.6.2\junit-jupiter-5.6.2.jar;H:\qwe\repository\org\junit\jupiter\junit-jupiter-api\5.6.2\junit-jupiter-api-5.6.2.jar;H:\qwe\repository\org\apiguardian\apiguardian-api\1.1.0\apiguardian-api-1.1.0.jar;H:\qwe\repository\org\opentest4j\opentest4j\1.2.0\opentest4j-1.2.0.jar;H:\qwe\repository\org\junit\platform\junit-platform-commons\1.6.2\junit-platform-commons-1.6.2.jar;H:\qwe\repository\org\junit\jupiter\junit-jupiter-params\5.6.2\junit-jupiter-params-5.6.2.jar;H:\qwe\repository\org\junit\jupiter\junit-jupiter-engine\5.6.2\junit-jupiter-engine-5.6.2.jar;H:\qwe\repository\org\junit\platform\junit-platform-engine\1.6.2\junit-platform-engine-1.6.2.jar;H:\qwe\repository\org\mockito\mockito-core\3.3.3\mockito-core-3.3.3.jar;H:\qwe\repository\net\bytebuddy\byte-buddy\1.10.11\byte-buddy-1.10.11.jar;H:\qwe\repository\net\bytebuddy\byte-buddy-agent\1.10.11\byte-buddy-agent-1.10.11.jar;H:\qwe\repository\org\objenesis\objenesis\2.6\objenesis-2.6.jar;H:\qwe\repository\org\mockito\mockito-junit-jupiter\3.3.3\mockito-junit-jupiter-3.3.3.jar;H:\qwe\repository\org\skyscreamer\jsonassert\1.5.0\jsonassert-1.5.0.jar;H:\qwe\repository\com\vaadin\external\google\android-json\0.0.20131108.vaadin1\android-json-0.0.20131108.vaadin1.jar;H:\qwe\repository\org\springframework\spring-core\5.2.7.RELEASE\spring-core-5.2.7.RELEASE.jar;H:\qwe\repository\org\springframework\spring-jcl\5.2.7.RELEASE\spring-jcl-5.2.7.RELEASE.jar;H:\qwe\repository\org\springframework\spring-test\5.2.7.RELEASE\spring-test-5.2.7.RELEASE.jar;H:\qwe\repository\org\xmlunit\xmlunit-core\2.7.0\xmlunit-core-2.7.0.jar;H:\qwe\repository\com\atlassian\commonmark\commonmark\0.15.1\commonmark-0.15.1.jar;H:\qwe\repository\com\atlassian\commonmark\commonmark-ext-heading-anchor\0.15.1\commonmark-ext-heading-anchor-0.15.1.jar;H:\qwe\repository\com\atlassian\commonmark\commonmark-ext-gfm-tables\0.15.1\commonmark-ext-gfm-tables-0.15.1.jar;"/>
    <property name="java.vm.vendor" value="Oracle Corporation"/>
    <property name="sun.arch.data.model" value="64"/>
    <property name="user.variant" value=""/>
    <property name="java.vendor.url" value="http://java.oracle.com/"/>
    <property name="user.timezone" value="GMT+08:00"/>
    <property name="java.vm.specification.version" value="11"/>
    <property name="os.name" value="Windows 10"/>
    <property name="sun.java.launcher" value="SUN_STANDARD"/>
    <property name="user.country" value="CN"/>
    <property name="sun.boot.library.path" value="C:\Program Files\Java\jdk-11.0.6\bin"/>
    <property name="sun.java.command" value="C:\Users\86132\AppData\Local\Temp\surefire4370651890263504217\surefirebooter15323039195440537398.jar C:\Users\86132\AppData\Local\Temp\surefire4370651890263504217 2023-12-27T21-42-04_611-jvmRun1 surefire3219072618652858962tmp surefire_0778594942921741690tmp"/>
    <property name="jdk.debug" value="release"/>
    <property name="surefire.test.class.path" value="H:\IDEA缓存\大三下\blog\target\test-classes;H:\IDEA缓存\大三下\blog\target\classes;H:\qwe\repository\org\springframework\boot\spring-boot-starter-thymeleaf\2.3.1.RELEASE\spring-boot-starter-thymeleaf-2.3.1.RELEASE.jar;H:\qwe\repository\org\springframework\boot\spring-boot-starter\2.3.1.RELEASE\spring-boot-starter-2.3.1.RELEASE.jar;H:\qwe\repository\org\springframework\boot\spring-boot\2.3.1.RELEASE\spring-boot-2.3.1.RELEASE.jar;H:\qwe\repository\org\springframework\boot\spring-boot-starter-logging\2.3.1.RELEASE\spring-boot-starter-logging-2.3.1.RELEASE.jar;H:\qwe\repository\org\apache\logging\log4j\log4j-to-slf4j\2.13.3\log4j-to-slf4j-2.13.3.jar;H:\qwe\repository\org\apache\logging\log4j\log4j-api\2.13.3\log4j-api-2.13.3.jar;H:\qwe\repository\org\slf4j\jul-to-slf4j\1.7.30\jul-to-slf4j-1.7.30.jar;H:\qwe\repository\jakarta\annotation\jakarta.annotation-api\1.3.5\jakarta.annotation-api-1.3.5.jar;H:\qwe\repository\org\yaml\snakeyaml\1.26\snakeyaml-1.26.jar;H:\qwe\repository\org\thymeleaf\thymeleaf-spring5\3.0.11.RELEASE\thymeleaf-spring5-3.0.11.RELEASE.jar;H:\qwe\repository\org\thymeleaf\thymeleaf\3.0.11.RELEASE\thymeleaf-3.0.11.RELEASE.jar;H:\qwe\repository\org\attoparser\attoparser\2.0.5.RELEASE\attoparser-2.0.5.RELEASE.jar;H:\qwe\repository\org\unbescape\unbescape\1.1.6.RELEASE\unbescape-1.1.6.RELEASE.jar;H:\qwe\repository\org\thymeleaf\extras\thymeleaf-extras-java8time\3.0.4.RELEASE\thymeleaf-extras-java8time-3.0.4.RELEASE.jar;H:\qwe\repository\org\springframework\boot\spring-boot-starter-web\2.3.1.RELEASE\spring-boot-starter-web-2.3.1.RELEASE.jar;H:\qwe\repository\org\springframework\boot\spring-boot-starter-json\2.3.1.RELEASE\spring-boot-starter-json-2.3.1.RELEASE.jar;H:\qwe\repository\com\fasterxml\jackson\core\jackson-databind\2.11.0\jackson-databind-2.11.0.jar;H:\qwe\repository\com\fasterxml\jackson\core\jackson-annotations\2.11.0\jackson-annotations-2.11.0.jar;H:\qwe\repository\com\fasterxml\jackson\core\jackson-core\2.11.0\jackson-core-2.11.0.jar;H:\qwe\repository\com\fasterxml\jackson\datatype\jackson-datatype-jdk8\2.11.0\jackson-datatype-jdk8-2.11.0.jar;H:\qwe\repository\com\fasterxml\jackson\datatype\jackson-datatype-jsr310\2.11.0\jackson-datatype-jsr310-2.11.0.jar;H:\qwe\repository\com\fasterxml\jackson\module\jackson-module-parameter-names\2.11.0\jackson-module-parameter-names-2.11.0.jar;H:\qwe\repository\org\springframework\boot\spring-boot-starter-tomcat\2.3.1.RELEASE\spring-boot-starter-tomcat-2.3.1.RELEASE.jar;H:\qwe\repository\org\apache\tomcat\embed\tomcat-embed-core\9.0.36\tomcat-embed-core-9.0.36.jar;H:\qwe\repository\org\glassfish\jakarta.el\3.0.3\jakarta.el-3.0.3.jar;H:\qwe\repository\org\apache\tomcat\embed\tomcat-embed-websocket\9.0.36\tomcat-embed-websocket-9.0.36.jar;H:\qwe\repository\org\springframework\spring-web\5.2.7.RELEASE\spring-web-5.2.7.RELEASE.jar;H:\qwe\repository\org\springframework\spring-beans\5.2.7.RELEASE\spring-beans-5.2.7.RELEASE.jar;H:\qwe\repository\org\springframework\spring-webmvc\5.2.7.RELEASE\spring-webmvc-5.2.7.RELEASE.jar;H:\qwe\repository\org\springframework\spring-context\5.2.7.RELEASE\spring-context-5.2.7.RELEASE.jar;H:\qwe\repository\org\springframework\spring-expression\5.2.7.RELEASE\spring-expression-5.2.7.RELEASE.jar;H:\qwe\repository\org\springframework\boot\spring-boot-starter-aop\2.3.1.RELEASE\spring-boot-starter-aop-2.3.1.RELEASE.jar;H:\qwe\repository\org\springframework\spring-aop\5.2.7.RELEASE\spring-aop-5.2.7.RELEASE.jar;H:\qwe\repository\org\aspectj\aspectjweaver\1.9.5\aspectjweaver-1.9.5.jar;H:\qwe\repository\com\alibaba\druid-spring-boot-starter\1.1.23\druid-spring-boot-starter-1.1.23.jar;H:\qwe\repository\com\alibaba\druid\1.1.23\druid-1.1.23.jar;H:\qwe\repository\org\slf4j\slf4j-api\1.7.30\slf4j-api-1.7.30.jar;H:\qwe\repository\org\springframework\boot\spring-boot-autoconfigure\2.3.1.RELEASE\spring-boot-autoconfigure-2.3.1.RELEASE.jar;H:\qwe\repository\mysql\mysql-connector-java\8.0.20\mysql-connector-java-8.0.20.jar;H:\qwe\repository\org\projectlombok\lombok\1.18.12\lombok-1.18.12.jar;H:\qwe\repository\ch\qos\logback\logback-classic\1.2.3\logback-classic-1.2.3.jar;H:\qwe\repository\ch\qos\logback\logback-core\1.2.3\logback-core-1.2.3.jar;H:\qwe\repository\org\mybatis\spring\boot\mybatis-spring-boot-starter\2.1.3\mybatis-spring-boot-starter-2.1.3.jar;H:\qwe\repository\org\springframework\boot\spring-boot-starter-jdbc\2.3.1.RELEASE\spring-boot-starter-jdbc-2.3.1.RELEASE.jar;H:\qwe\repository\com\zaxxer\HikariCP\3.4.5\HikariCP-3.4.5.jar;H:\qwe\repository\org\springframework\spring-jdbc\5.2.7.RELEASE\spring-jdbc-5.2.7.RELEASE.jar;H:\qwe\repository\org\springframework\spring-tx\5.2.7.RELEASE\spring-tx-5.2.7.RELEASE.jar;H:\qwe\repository\org\mybatis\spring\boot\mybatis-spring-boot-autoconfigure\2.1.3\mybatis-spring-boot-autoconfigure-2.1.3.jar;H:\qwe\repository\org\mybatis\mybatis\3.5.5\mybatis-3.5.5.jar;H:\qwe\repository\org\mybatis\mybatis-spring\2.0.5\mybatis-spring-2.0.5.jar;H:\qwe\repository\org\springframework\boot\spring-boot-starter-test\2.3.1.RELEASE\spring-boot-starter-test-2.3.1.RELEASE.jar;H:\qwe\repository\org\springframework\boot\spring-boot-test\2.3.1.RELEASE\spring-boot-test-2.3.1.RELEASE.jar;H:\qwe\repository\org\springframework\boot\spring-boot-test-autoconfigure\2.3.1.RELEASE\spring-boot-test-autoconfigure-2.3.1.RELEASE.jar;H:\qwe\repository\com\jayway\jsonpath\json-path\2.4.0\json-path-2.4.0.jar;H:\qwe\repository\net\minidev\json-smart\2.3\json-smart-2.3.jar;H:\qwe\repository\net\minidev\accessors-smart\1.2\accessors-smart-1.2.jar;H:\qwe\repository\org\ow2\asm\asm\5.0.4\asm-5.0.4.jar;H:\qwe\repository\jakarta\xml\bind\jakarta.xml.bind-api\2.3.3\jakarta.xml.bind-api-2.3.3.jar;H:\qwe\repository\jakarta\activation\jakarta.activation-api\1.2.2\jakarta.activation-api-1.2.2.jar;H:\qwe\repository\org\assertj\assertj-core\3.16.1\assertj-core-3.16.1.jar;H:\qwe\repository\org\hamcrest\hamcrest\2.2\hamcrest-2.2.jar;H:\qwe\repository\org\junit\jupiter\junit-jupiter\5.6.2\junit-jupiter-5.6.2.jar;H:\qwe\repository\org\junit\jupiter\junit-jupiter-api\5.6.2\junit-jupiter-api-5.6.2.jar;H:\qwe\repository\org\apiguardian\apiguardian-api\1.1.0\apiguardian-api-1.1.0.jar;H:\qwe\repository\org\opentest4j\opentest4j\1.2.0\opentest4j-1.2.0.jar;H:\qwe\repository\org\junit\platform\junit-platform-commons\1.6.2\junit-platform-commons-1.6.2.jar;H:\qwe\repository\org\junit\jupiter\junit-jupiter-params\5.6.2\junit-jupiter-params-5.6.2.jar;H:\qwe\repository\org\junit\jupiter\junit-jupiter-engine\5.6.2\junit-jupiter-engine-5.6.2.jar;H:\qwe\repository\org\junit\platform\junit-platform-engine\1.6.2\junit-platform-engine-1.6.2.jar;H:\qwe\repository\org\mockito\mockito-core\3.3.3\mockito-core-3.3.3.jar;H:\qwe\repository\net\bytebuddy\byte-buddy\1.10.11\byte-buddy-1.10.11.jar;H:\qwe\repository\net\bytebuddy\byte-buddy-agent\1.10.11\byte-buddy-agent-1.10.11.jar;H:\qwe\repository\org\objenesis\objenesis\2.6\objenesis-2.6.jar;H:\qwe\repository\org\mockito\mockito-junit-jupiter\3.3.3\mockito-junit-jupiter-3.3.3.jar;H:\qwe\repository\org\skyscreamer\jsonassert\1.5.0\jsonassert-1.5.0.jar;H:\qwe\repository\com\vaadin\external\google\android-json\0.0.20131108.vaadin1\android-json-0.0.20131108.vaadin1.jar;H:\qwe\repository\org\springframework\spring-core\5.2.7.RELEASE\spring-core-5.2.7.RELEASE.jar;H:\qwe\repository\org\springframework\spring-jcl\5.2.7.RELEASE\spring-jcl-5.2.7.RELEASE.jar;H:\qwe\repository\org\springframework\spring-test\5.2.7.RELEASE\spring-test-5.2.7.RELEASE.jar;H:\qwe\repository\org\xmlunit\xmlunit-core\2.7.0\xmlunit-core-2.7.0.jar;H:\qwe\repository\com\atlassian\commonmark\commonmark\0.15.1\commonmark-0.15.1.jar;H:\qwe\repository\com\atlassian\commonmark\commonmark-ext-heading-anchor\0.15.1\commonmark-ext-heading-anchor-0.15.1.jar;H:\qwe\repository\com\atlassian\commonmark\commonmark-ext-gfm-tables\0.15.1\commonmark-ext-gfm-tables-0.15.1.jar;"/>
    <property name="sun.cpu.endian" value="little"/>
    <property name="user.home" value="C:\Users\86132"/>
    <property name="user.language" value="zh"/>
    <property name="java.specification.vendor" value="Oracle Corporation"/>
    <property name="java.version.date" value="2020-01-14"/>
    <property name="java.home" value="C:\Program Files\Java\jdk-11.0.6"/>
    <property name="file.separator" value="\"/>
    <property name="basedir" value="H:\IDEA缓存\大三下\blog"/>
    <property name="java.vm.compressedOopsMode" value="Zero based"/>
    <property name="line.separator" value="&#10;"/>
    <property name="java.specification.name" value="Java Platform API Specification"/>
    <property name="java.vm.specification.vendor" value="Oracle Corporation"/>
    <property name="java.awt.graphicsenv" value="sun.awt.Win32GraphicsEnvironment"/>
    <property name="surefire.real.class.path" value="C:\Users\86132\AppData\Local\Temp\surefire4370651890263504217\surefirebooter15323039195440537398.jar"/>
    <property name="user.script" value=""/>
    <property name="sun.management.compiler" value="HotSpot 64-Bit Tiered Compilers"/>
    <property name="java.runtime.version" value="11.0.6+8-LTS"/>
    <property name="user.name" value="86132"/>
    <property name="path.separator" value=";"/>
    <property name="os.version" value="10.0"/>
    <property name="java.runtime.name" value="Java(TM) SE Runtime Environment"/>
    <property name="file.encoding" value="GBK"/>
    <property name="java.vm.name" value="Java HotSpot(TM) 64-Bit Server VM"/>
    <property name="java.vendor.version" value="18.9"/>
    <property name="localRepository" value="H:\qwe\repository"/>
    <property name="java.vendor.url.bug" value="http://bugreport.java.com/bugreport/"/>
    <property name="java.io.tmpdir" value="C:\Users\86132\AppData\Local\Temp\"/>
    <property name="idea.version" value="2022.2.3"/>
    <property name="java.version" value="11.0.6"/>
    <property name="user.dir" value="H:\IDEA缓存\大三下\blog"/>
    <property name="os.arch" value="amd64"/>
    <property name="java.vm.specification.name" value="Java Virtual Machine Specification"/>
    <property name="java.awt.printerjob" value="sun.awt.windows.WPrinterJob"/>
    <property name="sun.os.patch.level" value=""/>
    <property name="java.library.path" value="C:\Program Files\Java\jdk-11.0.6\bin;C:\WINDOWS\Sun\Java\bin;C:\WINDOWS\system32;C:\WINDOWS;C:\Program Files\Common Files\Oracle\Java\javapath;C:\Program Files (x86)\Common Files\Intel\Shared Libraries\redist\intel64\compiler;C:\windows\system32;C:\windows;C:\windows\System32\Wbem;C:\windows\System32\WindowsPowerShell\v1.0\;C:\windows\System32\OpenSSH\;C:\Program Files (x86)\NVIDIA Corporation\PhysX\Common;C:\Program Files\NVIDIA Corporation\NVIDIA NvDLISR;C:\WINDOWS\system32;C:\WINDOWS;C:\WINDOWS\System32\Wbem;C:\WINDOWS\System32\WindowsPowerShell\v1.0\;H:\Java\bin;C:\Program Files\Java\jdk-11.0.6\bin;H:\qwe\mysql_1\MySQL\MySQL Server 8.0\bin;H:\qwe\apache-tomcat-8.5.84-windows-x64\apache-tomcat-8.5.84\bin;H:\qwe\apache-tomcat-9.0.73\bin;H:\repository\apache-maven-3.6.3\apache-maven-3.6.3\bin;H:\qwe\Anaconda3;H:\qwe\Anaconda3\Scripts;H:\qwe\Anaconda3\Library\mingw-w64\bin;H:\qwe\Anaconda3\Library\usr\bin;H:\qwe\Anaconda3\Library\bin;H:\qwe\MAVEN\apache-maven-3.8.8\bin;C:\Program Files\MongoDB\Server\5.0\bin;H:\qwe\MongoDB\bin;H:\qwe\Redis-x64-5.0.14.1;H:\qwe\mingw64\bin;%NVM_HOME%;%NVM_SYMLINK%;H:\qwe\nodejs\;H:\qwe\nodejs\node_global;C:\Users\86132\AppData\Local\Programs\Python\Python38\Scripts\;C:\Users\86132\AppData\Local\Programs\Python\Python38\;H:\qwe\mysql_1\MySQL\MySQL Shell 8.0\bin\;C:\Users\86132\AppData\Local\Microsoft\WindowsApps;H:\pycharm\PyCharm 2022.1.3\bin;;H:\所有\idea下载\IntelliJ IDEA 2022.2.3\bin;;H:\qwe\Microsoft VS Code\bin;C:\Users\86132\AppData\Roaming\nvm;C:\Program Files\nodejs;C:\Users\86132\AppData\Roaming\npm;."/>
    <property name="java.vendor" value="Oracle Corporation"/>
    <property name="java.vm.info" value="mixed mode"/>
    <property name="java.vm.version" value="11.0.6+8-LTS"/>
    <property name="sun.io.unicode.encoding" value="UnicodeLittle"/>
    <property name="maven.repo.local" value="H:\qwe\repository"/>
    <property name="java.class.version" value="55.0"/>
  </properties>
  <testcase name="contextLoads" classname="com.yoyo.ApplicationTests" time="0.556"/>
</testsuite>